----------------------------------------
Timestamp: 9/11/2017 7:35:04 PM

Message: Attempting application domain unload. Reason: 'StaticModulesUpdate|Multisite|Operation:Deactivate'. StackTrace: '   at System.Environment.GetStackTrace(Exception e, Boolean needFileInfo)
   at System.Environment.get_StackTrace()
   at Telerik.Sitefinity.Services.SystemManager.TryRestartApplication(String restartReason)
   at Telerik.Sitefinity.Services.Web.Services.ModulesService.ExecuteStaticModuleOperation(ModuleViewModel module, ModuleOperation operation)
   at Telerik.Sitefinity.Services.Web.Services.ModulesService.Execute(ModuleViewModel module, ModuleOperation operation)
   at SyncInvokeExecute(Object , Object[] , Object[] )
   at System.ServiceModel.Dispatcher.SyncMethodInvoker.Invoke(Object instance, Object[] inputs, Object[]& outputs)
   at System.ServiceModel.Dispatcher.DispatchOperationRuntime.InvokeBegin(MessageRpc& rpc)
   at System.ServiceModel.Dispatcher.ImmutableDispatchRuntime.ProcessMessage5(MessageRpc& rpc)
   at System.ServiceModel.Dispatcher.ImmutableDispatchRuntime.ProcessMessage41(MessageRpc& rpc)
   at System.ServiceModel.Dispatcher.ImmutableDispatchRuntime.ProcessMessage4(MessageRpc& rpc)
   at System.ServiceModel.Dispatcher.ImmutableDispatchRuntime.ProcessMessage31(MessageRpc& rpc)
   at System.ServiceModel.Dispatcher.ImmutableDispatchRuntime.ProcessMessage3(MessageRpc& rpc)
   at System.ServiceModel.Dispatcher.ImmutableDispatchRuntime.ProcessMessage2(MessageRpc& rpc)
   at System.ServiceModel.Dispatcher.ImmutableDispatchRuntime.ProcessMessage11(MessageRpc& rpc)
   at System.ServiceModel.Dispatcher.ImmutableDispatchRuntime.ProcessMessage1(MessageRpc& rpc)
   at System.ServiceModel.Dispatcher.MessageRpc.Process(Boolean isOperationContextSet)
   at System.ServiceModel.Dispatcher.ChannelHandler.DispatchAndReleasePump(RequestContext request, Boolean cleanThread, OperationContext currentOperationContext)
   at System.ServiceModel.Dispatcher.ChannelHandler.HandleRequest(RequestContext request, OperationContext currentOperationContext)
   at System.ServiceModel.Dispatcher.ChannelHandler.AsyncMessagePump(IAsyncResult result)
   at System.ServiceModel.Dispatcher.ChannelHandler.OnAsyncReceiveComplete(IAsyncResult result)
   at System.Runtime.Fx.AsyncThunk.UnhandledExceptionFrame(IAsyncResult result)
   at Telerik.Sitefinity.Utilities.MS.ServiceModel.Web.AsyncResult.Complete(Boolean completedSynchronously)
   at Telerik.Sitefinity.Utilities.MS.ServiceModel.Web.RequestInterceptorReplyChannelBase`1.TryReceiveRequestAsyncResult.InnerTryReceiveCallback(IAsyncResult result)
   at System.Runtime.AsyncResult.Complete(Boolean completedSynchronously)
   at System.Runtime.InputQueue`1.AsyncQueueReader.Set(Item item)
   at System.Runtime.InputQueue`1.EnqueueAndDispatch(Item item, Boolean canDispatchOnThisThread)
   at System.Runtime.InputQueue`1.EnqueueAndDispatch(T item, Action dequeuedCallback, Boolean canDispatchOnThisThread)
   at System.ServiceModel.Channels.SingletonChannelAcceptor`3.Enqueue(QueueItemType item, Action dequeuedCallback, Boolean canDispatchOnThisThread)
   at System.ServiceModel.Channels.HttpPipeline.EnqueueMessageAsyncResult.CompleteParseAndEnqueue(IAsyncResult result)
   at System.ServiceModel.Channels.HttpPipeline.EnqueueMessageAsyncResult.HandleParseIncomingMessage(IAsyncResult result)
   at System.Runtime.AsyncResult.SyncContinue(IAsyncResult result)
   at System.ServiceModel.Channels.HttpPipeline.EnqueueMessageAsyncResult..ctor(ReplyChannelAcceptor acceptor, Action dequeuedCallback, HttpPipeline pipeline, AsyncCallback callback, Object state)
   at System.ServiceModel.Channels.HttpPipeline.EmptyHttpPipeline.BeginProcessInboundRequest(ReplyChannelAcceptor replyChannelAcceptor, Action dequeuedCallback, AsyncCallback callback, Object state)
   at System.ServiceModel.Channels.HttpChannelListener`1.HttpContextReceivedAsyncResult`1.ProcessHttpContextAsync()
   at System.ServiceModel.Channels.HttpChannelListener`1.BeginHttpContextReceived(HttpRequestContext context, Action acceptorCallback, AsyncCallback callback, Object state)
   at System.ServiceModel.Activation.HostedHttpTransportManager.HttpContextReceived(HostedHttpRequestAsyncResult result)
   at System.ServiceModel.Activation.HostedHttpRequestAsyncResult.HandleRequest()
   at System.ServiceModel.Activation.HostedHttpRequestAsyncResult.BeginRequest()
   at System.ServiceModel.Activation.HostedHttpRequestAsyncResult.OnBeginRequest(Object state)
   at System.ServiceModel.AspNetPartialTrustHelpers.PartialTrustInvoke(ContextCallback callback, Object state)
   at System.ServiceModel.Activation.HostedHttpRequestAsyncResult.OnBeginRequestWithFlow(Object state)
   at System.Runtime.IOThreadScheduler.ScheduledOverlapped.IOCallback(UInt32 errorCode, UInt32 numBytes, NativeOverlapped* nativeOverlapped)
   at System.Runtime.Fx.IOCompletionThunk.UnhandledExceptionFrame(UInt32 error, UInt32 bytesRead, NativeOverlapped* nativeOverlapped)
   at System.Threading._IOCompletionCallback.PerformIOCompletionCallback(UInt32 errorCode, UInt32 numBytes, NativeOverlapped* pOVERLAP)'


----------------------------------------
----------------------------------------
Timestamp: 9/11/2017 7:35:04 PM

Message: Application domain unload succeeded. StackTrace: '   at System.Environment.GetStackTrace(Exception e, Boolean needFileInfo)
   at System.Environment.get_StackTrace()
   at Telerik.Sitefinity.Services.SystemManager.TryRestartApplication(String restartReason)
   at Telerik.Sitefinity.Services.Web.Services.ModulesService.ExecuteStaticModuleOperation(ModuleViewModel module, ModuleOperation operation)
   at Telerik.Sitefinity.Services.Web.Services.ModulesService.Execute(ModuleViewModel module, ModuleOperation operation)
   at SyncInvokeExecute(Object , Object[] , Object[] )
   at System.ServiceModel.Dispatcher.SyncMethodInvoker.Invoke(Object instance, Object[] inputs, Object[]& outputs)
   at System.ServiceModel.Dispatcher.DispatchOperationRuntime.InvokeBegin(MessageRpc& rpc)
   at System.ServiceModel.Dispatcher.ImmutableDispatchRuntime.ProcessMessage5(MessageRpc& rpc)
   at System.ServiceModel.Dispatcher.ImmutableDispatchRuntime.ProcessMessage41(MessageRpc& rpc)
   at System.ServiceModel.Dispatcher.ImmutableDispatchRuntime.ProcessMessage4(MessageRpc& rpc)
   at System.ServiceModel.Dispatcher.ImmutableDispatchRuntime.ProcessMessage31(MessageRpc& rpc)
   at System.ServiceModel.Dispatcher.ImmutableDispatchRuntime.ProcessMessage3(MessageRpc& rpc)
   at System.ServiceModel.Dispatcher.ImmutableDispatchRuntime.ProcessMessage2(MessageRpc& rpc)
   at System.ServiceModel.Dispatcher.ImmutableDispatchRuntime.ProcessMessage11(MessageRpc& rpc)
   at System.ServiceModel.Dispatcher.ImmutableDispatchRuntime.ProcessMessage1(MessageRpc& rpc)
   at System.ServiceModel.Dispatcher.MessageRpc.Process(Boolean isOperationContextSet)
   at System.ServiceModel.Dispatcher.ChannelHandler.DispatchAndReleasePump(RequestContext request, Boolean cleanThread, OperationContext currentOperationContext)
   at System.ServiceModel.Dispatcher.ChannelHandler.HandleRequest(RequestContext request, OperationContext currentOperationContext)
   at System.ServiceModel.Dispatcher.ChannelHandler.AsyncMessagePump(IAsyncResult result)
   at System.ServiceModel.Dispatcher.ChannelHandler.OnAsyncReceiveComplete(IAsyncResult result)
   at System.Runtime.Fx.AsyncThunk.UnhandledExceptionFrame(IAsyncResult result)
   at Telerik.Sitefinity.Utilities.MS.ServiceModel.Web.AsyncResult.Complete(Boolean completedSynchronously)
   at Telerik.Sitefinity.Utilities.MS.ServiceModel.Web.RequestInterceptorReplyChannelBase`1.TryReceiveRequestAsyncResult.InnerTryReceiveCallback(IAsyncResult result)
   at System.Runtime.AsyncResult.Complete(Boolean completedSynchronously)
   at System.Runtime.InputQueue`1.AsyncQueueReader.Set(Item item)
   at System.Runtime.InputQueue`1.EnqueueAndDispatch(Item item, Boolean canDispatchOnThisThread)
   at System.Runtime.InputQueue`1.EnqueueAndDispatch(T item, Action dequeuedCallback, Boolean canDispatchOnThisThread)
   at System.ServiceModel.Channels.SingletonChannelAcceptor`3.Enqueue(QueueItemType item, Action dequeuedCallback, Boolean canDispatchOnThisThread)
   at System.ServiceModel.Channels.HttpPipeline.EnqueueMessageAsyncResult.CompleteParseAndEnqueue(IAsyncResult result)
   at System.ServiceModel.Channels.HttpPipeline.EnqueueMessageAsyncResult.HandleParseIncomingMessage(IAsyncResult result)
   at System.Runtime.AsyncResult.SyncContinue(IAsyncResult result)
   at System.ServiceModel.Channels.HttpPipeline.EnqueueMessageAsyncResult..ctor(ReplyChannelAcceptor acceptor, Action dequeuedCallback, HttpPipeline pipeline, AsyncCallback callback, Object state)
   at System.ServiceModel.Channels.HttpPipeline.EmptyHttpPipeline.BeginProcessInboundRequest(ReplyChannelAcceptor replyChannelAcceptor, Action dequeuedCallback, AsyncCallback callback, Object state)
   at System.ServiceModel.Channels.HttpChannelListener`1.HttpContextReceivedAsyncResult`1.ProcessHttpContextAsync()
   at System.ServiceModel.Channels.HttpChannelListener`1.BeginHttpContextReceived(HttpRequestContext context, Action acceptorCallback, AsyncCallback callback, Object state)
   at System.ServiceModel.Activation.HostedHttpTransportManager.HttpContextReceived(HostedHttpRequestAsyncResult result)
   at System.ServiceModel.Activation.HostedHttpRequestAsyncResult.HandleRequest()
   at System.ServiceModel.Activation.HostedHttpRequestAsyncResult.BeginRequest()
   at System.ServiceModel.Activation.HostedHttpRequestAsyncResult.OnBeginRequest(Object state)
   at System.ServiceModel.AspNetPartialTrustHelpers.PartialTrustInvoke(ContextCallback callback, Object state)
   at System.ServiceModel.Activation.HostedHttpRequestAsyncResult.OnBeginRequestWithFlow(Object state)
   at System.Runtime.IOThreadScheduler.ScheduledOverlapped.IOCallback(UInt32 errorCode, UInt32 numBytes, NativeOverlapped* nativeOverlapped)
   at System.Runtime.Fx.IOCompletionThunk.UnhandledExceptionFrame(UInt32 error, UInt32 bytesRead, NativeOverlapped* nativeOverlapped)
   at System.Threading._IOCompletionCallback.PerformIOCompletionCallback(UInt32 errorCode, UInt32 numBytes, NativeOverlapped* pOVERLAP)'


----------------------------------------
