----------------------------------------
Timestamp: 9/12/2017 8:03:10 PM

Message: Db Migration Complexity: Complex


----------------------------------------
----------------------------------------
Timestamp: 9/12/2017 8:03:10 PM

Message: -- dropping table [carousels_carouselimages]
DROP TABLE [carousels_carouselimages]


----------------------------------------
----------------------------------------
Timestamp: 9/13/2017 2:12:19 PM

Message: Db Migration Complexity: Trivial


----------------------------------------
----------------------------------------
Timestamp: 9/13/2017 2:12:19 PM

Message: Adding a foreign key constraint(s) to a new table(s), the create table statement(s) is included as well.


----------------------------------------
----------------------------------------
Timestamp: 9/13/2017 2:12:19 PM

Message: Adding a new table(s).


----------------------------------------
----------------------------------------
Timestamp: 9/13/2017 2:12:19 PM

Message: -- Telerik.Sitefinity.DynamicTypes.Model.Cars.Car
CREATE TABLE [cars_car] (
    [base_id] uniqueidentifier NOT NULL,
    [Title] NVARCHAR(255) NULL,             -- Car.Title
    CONSTRAINT [pk_cars_car] PRIMARY KEY ([base_id])
)


----------------------------------------
----------------------------------------
Timestamp: 9/13/2017 2:12:19 PM

Message: ALTER TABLE [cars_car] ADD CONSTRAINT [ref_crs_cr_sf_dynmc_c_8C66F17E] FOREIGN KEY ([base_id]) REFERENCES [sf_dynamic_content]([base_id]) ON DELETE CASCADE


----------------------------------------
----------------------------------------
Timestamp: 9/13/2017 2:16:13 PM

Message: Db Migration Complexity: Complex


----------------------------------------
----------------------------------------
Timestamp: 9/13/2017 2:16:13 PM

Message: -- dropping table [cars_car]
DROP TABLE [cars_car]


----------------------------------------
